{"C:\\Users\\lsrt\\Documents\\treinamento-estagio-react\\react-testing\\src\\component\\AddUserList\\AddUserList.jsx": {"path":"C:\\Users\\lsrt\\Documents\\treinamento-estagio-react\\react-testing\\src\\component\\AddUserList\\AddUserList.jsx","statementMap":{"0":{"start":{"line":7,"column":20},"end":{"line":95,"column":1}},"1":{"start":{"line":8,"column":22},"end":{"line":8,"column":32}},"2":{"start":{"line":9,"column":58},"end":{"line":9,"column":67}},"3":{"start":{"line":10,"column":28},"end":{"line":14,"column":4}},"4":{"start":{"line":15,"column":2},"end":{"line":37,"column":9}},"5":{"start":{"line":16,"column":22},"end":{"line":34,"column":5}},"6":{"start":{"line":17,"column":6},"end":{"line":33,"column":7}},"7":{"start":{"line":18,"column":25},"end":{"line":20,"column":9}},"8":{"start":{"line":21,"column":8},"end":{"line":25,"column":12}},"9":{"start":{"line":21,"column":28},"end":{"line":25,"column":9}},"10":{"start":{"line":27,"column":8},"end":{"line":32,"column":12}},"11":{"start":{"line":27,"column":28},"end":{"line":32,"column":9}},"12":{"start":{"line":36,"column":4},"end":{"line":36,"column":16}},"13":{"start":{"line":39,"column":27},"end":{"line":51,"column":3}},"14":{"start":{"line":40,"column":4},"end":{"line":48,"column":8}},"15":{"start":{"line":40,"column":24},"end":{"line":48,"column":5}},"16":{"start":{"line":50,"column":4},"end":{"line":50,"column":65}},"17":{"start":{"line":53,"column":2},"end":{"line":59,"column":3}},"18":{"start":{"line":54,"column":4},"end":{"line":58,"column":6}},"19":{"start":{"line":61,"column":2},"end":{"line":63,"column":3}},"20":{"start":{"line":62,"column":4},"end":{"line":62,"column":52}},"21":{"start":{"line":65,"column":2},"end":{"line":94,"column":4}},"22":{"start":{"line":72,"column":12},"end":{"line":74,"column":17}}},"fnMap":{"0":{"name":"(anonymous_0)","decl":{"start":{"line":7,"column":20},"end":{"line":7,"column":21}},"loc":{"start":{"line":7,"column":26},"end":{"line":95,"column":1}},"line":7},"1":{"name":"(anonymous_1)","decl":{"start":{"line":15,"column":12},"end":{"line":15,"column":13}},"loc":{"start":{"line":15,"column":18},"end":{"line":37,"column":3}},"line":15},"2":{"name":"(anonymous_2)","decl":{"start":{"line":16,"column":22},"end":{"line":16,"column":23}},"loc":{"start":{"line":16,"column":34},"end":{"line":34,"column":5}},"line":16},"3":{"name":"(anonymous_3)","decl":{"start":{"line":21,"column":17},"end":{"line":21,"column":18}},"loc":{"start":{"line":21,"column":28},"end":{"line":25,"column":9}},"line":21},"4":{"name":"(anonymous_4)","decl":{"start":{"line":27,"column":17},"end":{"line":27,"column":18}},"loc":{"start":{"line":27,"column":28},"end":{"line":32,"column":9}},"line":27},"5":{"name":"(anonymous_5)","decl":{"start":{"line":39,"column":27},"end":{"line":39,"column":28}},"loc":{"start":{"line":39,"column":37},"end":{"line":51,"column":3}},"line":39},"6":{"name":"(anonymous_6)","decl":{"start":{"line":40,"column":13},"end":{"line":40,"column":14}},"loc":{"start":{"line":40,"column":24},"end":{"line":48,"column":5}},"line":40},"7":{"name":"(anonymous_7)","decl":{"start":{"line":71,"column":37},"end":{"line":71,"column":38}},"loc":{"start":{"line":72,"column":12},"end":{"line":74,"column":17}},"line":72}},"branchMap":{"0":{"loc":{"start":{"line":53,"column":2},"end":{"line":59,"column":3}},"type":"if","locations":[{"start":{"line":53,"column":2},"end":{"line":59,"column":3}},{"start":{},"end":{}}],"line":53},"1":{"loc":{"start":{"line":61,"column":2},"end":{"line":63,"column":3}},"type":"if","locations":[{"start":{"line":61,"column":2},"end":{"line":63,"column":3}},{"start":{},"end":{}}],"line":61},"2":{"loc":{"start":{"line":69,"column":9},"end":{"line":75,"column":12}},"type":"binary-expr","locations":[{"start":{"line":69,"column":9},"end":{"line":69,"column":14}},{"start":{"line":70,"column":10},"end":{"line":70,"column":20}},{"start":{"line":71,"column":10},"end":{"line":75,"column":12}}],"line":69},"3":{"loc":{"start":{"line":82,"column":9},"end":{"line":84,"column":9}},"type":"binary-expr","locations":[{"start":{"line":82,"column":9},"end":{"line":82,"column":15}},{"start":{"line":82,"column":19},"end":{"line":82,"column":30}},{"start":{"line":83,"column":10},"end":{"line":83,"column":59}}],"line":82},"4":{"loc":{"start":{"line":88,"column":9},"end":{"line":90,"column":9}},"type":"binary-expr","locations":[{"start":{"line":88,"column":9},"end":{"line":88,"column":15}},{"start":{"line":88,"column":19},"end":{"line":88,"column":31}},{"start":{"line":89,"column":10},"end":{"line":89,"column":60}}],"line":88}},"s":{"0":1,"1":14,"2":9,"3":9,"4":9,"5":4,"6":4,"7":4,"8":3,"9":3,"10":1,"11":1,"12":4,"13":9,"14":0,"15":0,"16":0,"17":9,"18":4,"19":5,"20":1,"21":4,"22":8},"f":{"0":14,"1":4,"2":4,"3":3,"4":1,"5":0,"6":0,"7":8},"b":{"0":[4,5],"1":[1,4],"2":[4,4,4],"3":[4,4,1],"4":[4,4,1]},"_coverageSchema":"1a1c01bbd47fc00a2c39e90264f33305004495a9","hash":"41d7e5ce7b455b6ab0177b2d33e3cfb94ec1181f"}
,"C:\\Users\\lsrt\\Documents\\treinamento-estagio-react\\react-testing\\src\\component\\UserList\\UserList.jsx": {"path":"C:\\Users\\lsrt\\Documents\\treinamento-estagio-react\\react-testing\\src\\component\\UserList\\UserList.jsx","statementMap":{"0":{"start":{"line":4,"column":17},"end":{"line":61,"column":1}},"1":{"start":{"line":5,"column":28},"end":{"line":9,"column":4}},"2":{"start":{"line":10,"column":2},"end":{"line":33,"column":9}},"3":{"start":{"line":11,"column":22},"end":{"line":30,"column":5}},"4":{"start":{"line":12,"column":6},"end":{"line":29,"column":7}},"5":{"start":{"line":13,"column":8},"end":{"line":13,"column":33}},"6":{"start":{"line":14,"column":25},"end":{"line":16,"column":9}},"7":{"start":{"line":17,"column":8},"end":{"line":21,"column":12}},"8":{"start":{"line":17,"column":28},"end":{"line":21,"column":9}},"9":{"start":{"line":23,"column":8},"end":{"line":28,"column":12}},"10":{"start":{"line":23,"column":28},"end":{"line":28,"column":9}},"11":{"start":{"line":32,"column":4},"end":{"line":32,"column":16}},"12":{"start":{"line":35,"column":2},"end":{"line":41,"column":3}},"13":{"start":{"line":36,"column":4},"end":{"line":40,"column":6}},"14":{"start":{"line":43,"column":2},"end":{"line":45,"column":3}},"15":{"start":{"line":44,"column":4},"end":{"line":44,"column":52}},"16":{"start":{"line":47,"column":2},"end":{"line":60,"column":4}},"17":{"start":{"line":54,"column":12},"end":{"line":56,"column":17}}},"fnMap":{"0":{"name":"(anonymous_0)","decl":{"start":{"line":4,"column":17},"end":{"line":4,"column":18}},"loc":{"start":{"line":4,"column":23},"end":{"line":61,"column":1}},"line":4},"1":{"name":"(anonymous_1)","decl":{"start":{"line":10,"column":12},"end":{"line":10,"column":13}},"loc":{"start":{"line":10,"column":18},"end":{"line":33,"column":3}},"line":10},"2":{"name":"(anonymous_2)","decl":{"start":{"line":11,"column":22},"end":{"line":11,"column":23}},"loc":{"start":{"line":11,"column":34},"end":{"line":30,"column":5}},"line":11},"3":{"name":"(anonymous_3)","decl":{"start":{"line":17,"column":17},"end":{"line":17,"column":18}},"loc":{"start":{"line":17,"column":28},"end":{"line":21,"column":9}},"line":17},"4":{"name":"(anonymous_4)","decl":{"start":{"line":23,"column":17},"end":{"line":23,"column":18}},"loc":{"start":{"line":23,"column":28},"end":{"line":28,"column":9}},"line":23},"5":{"name":"(anonymous_5)","decl":{"start":{"line":53,"column":37},"end":{"line":53,"column":38}},"loc":{"start":{"line":54,"column":12},"end":{"line":56,"column":17}},"line":54}},"branchMap":{"0":{"loc":{"start":{"line":35,"column":2},"end":{"line":41,"column":3}},"type":"if","locations":[{"start":{"line":35,"column":2},"end":{"line":41,"column":3}},{"start":{},"end":{}}],"line":35},"1":{"loc":{"start":{"line":43,"column":2},"end":{"line":45,"column":3}},"type":"if","locations":[{"start":{"line":43,"column":2},"end":{"line":45,"column":3}},{"start":{},"end":{}}],"line":43},"2":{"loc":{"start":{"line":51,"column":9},"end":{"line":57,"column":12}},"type":"binary-expr","locations":[{"start":{"line":51,"column":9},"end":{"line":51,"column":14}},{"start":{"line":52,"column":10},"end":{"line":52,"column":20}},{"start":{"line":53,"column":10},"end":{"line":57,"column":12}}],"line":51}},"s":{"0":1,"1":6,"2":6,"3":3,"4":3,"5":3,"6":3,"7":2,"8":2,"9":1,"10":1,"11":3,"12":6,"13":3,"14":3,"15":1,"16":2,"17":4},"f":{"0":6,"1":3,"2":3,"3":2,"4":1,"5":4},"b":{"0":[3,3],"1":[1,2],"2":[2,2,2]},"_coverageSchema":"1a1c01bbd47fc00a2c39e90264f33305004495a9","hash":"32f1a014a542883699a27532ebda83553f7cf8fd"}
,"C:\\Users\\lsrt\\Documents\\treinamento-estagio-react\\react-testing\\src\\component\\modal\\modal.jsx": {"path":"C:\\Users\\lsrt\\Documents\\treinamento-estagio-react\\react-testing\\src\\component\\modal\\modal.jsx","statementMap":{"0":{"start":{"line":5,"column":14},"end":{"line":23,"column":1}},"1":{"start":{"line":6,"column":25},"end":{"line":6,"column":35}},"2":{"start":{"line":8,"column":2},"end":{"line":22,"column":4}}},"fnMap":{"0":{"name":"(anonymous_0)","decl":{"start":{"line":5,"column":14},"end":{"line":5,"column":15}},"loc":{"start":{"line":5,"column":31},"end":{"line":23,"column":1}},"line":5}},"branchMap":{},"s":{"0":1,"1":0,"2":0},"f":{"0":0},"b":{},"_coverageSchema":"1a1c01bbd47fc00a2c39e90264f33305004495a9","hash":"74221944c2b586b21a785ccaa3cbdcabdae4b2b7"}
,"C:\\Users\\lsrt\\Documents\\treinamento-estagio-react\\react-testing\\src\\context\\modalContext.jsx": {"path":"C:\\Users\\lsrt\\Documents\\treinamento-estagio-react\\react-testing\\src\\context\\modalContext.jsx","statementMap":{"0":{"start":{"line":3,"column":21},"end":{"line":3,"column":36}},"1":{"start":{"line":5,"column":24},"end":{"line":8,"column":1}},"2":{"start":{"line":6,"column":18},"end":{"line":6,"column":42}},"3":{"start":{"line":7,"column":2},"end":{"line":7,"column":17}},"4":{"start":{"line":10,"column":29},"end":{"line":30,"column":1}},"5":{"start":{"line":11,"column":36},"end":{"line":11,"column":51}},"6":{"start":{"line":12,"column":42},"end":{"line":12,"column":56}},"7":{"start":{"line":14,"column":20},"end":{"line":17,"column":3}},"8":{"start":{"line":15,"column":4},"end":{"line":15,"column":29}},"9":{"start":{"line":16,"column":4},"end":{"line":16,"column":23}},"10":{"start":{"line":19,"column":21},"end":{"line":22,"column":3}},"11":{"start":{"line":20,"column":4},"end":{"line":20,"column":26}},"12":{"start":{"line":21,"column":4},"end":{"line":21,"column":24}},"13":{"start":{"line":24,"column":2},"end":{"line":29,"column":4}}},"fnMap":{"0":{"name":"(anonymous_0)","decl":{"start":{"line":5,"column":24},"end":{"line":5,"column":25}},"loc":{"start":{"line":5,"column":30},"end":{"line":8,"column":1}},"line":5},"1":{"name":"(anonymous_1)","decl":{"start":{"line":10,"column":29},"end":{"line":10,"column":30}},"loc":{"start":{"line":10,"column":47},"end":{"line":30,"column":1}},"line":10},"2":{"name":"(anonymous_2)","decl":{"start":{"line":14,"column":20},"end":{"line":14,"column":21}},"loc":{"start":{"line":14,"column":33},"end":{"line":17,"column":3}},"line":14},"3":{"name":"(anonymous_3)","decl":{"start":{"line":19,"column":21},"end":{"line":19,"column":22}},"loc":{"start":{"line":19,"column":27},"end":{"line":22,"column":3}},"line":19}},"branchMap":{"0":{"loc":{"start":{"line":27,"column":7},"end":{"line":27,"column":32}},"type":"binary-expr","locations":[{"start":{"line":27,"column":7},"end":{"line":27,"column":16}},{"start":{"line":27,"column":20},"end":{"line":27,"column":32}}],"line":27}},"s":{"0":1,"1":1,"2":14,"3":13,"4":1,"5":4,"6":4,"7":4,"8":0,"9":0,"10":4,"11":0,"12":0,"13":4},"f":{"0":14,"1":4,"2":0,"3":0},"b":{"0":[4,0]},"_coverageSchema":"1a1c01bbd47fc00a2c39e90264f33305004495a9","hash":"9961cc4f08aaeaa8baebef06078dbe357466f90d"}
,"C:\\Users\\lsrt\\Documents\\treinamento-estagio-react\\react-testing\\src\\utils\\customRender.js": {"path":"C:\\Users\\lsrt\\Documents\\treinamento-estagio-react\\react-testing\\src\\utils\\customRender.js","statementMap":{"0":{"start":{"line":5,"column":28},"end":{"line":5,"column":74}},"1":{"start":{"line":5,"column":36},"end":{"line":5,"column":74}}},"fnMap":{"0":{"name":"(anonymous_0)","decl":{"start":{"line":5,"column":28},"end":{"line":5,"column":29}},"loc":{"start":{"line":5,"column":36},"end":{"line":5,"column":74}},"line":5}},"branchMap":{},"s":{"0":1,"1":4},"f":{"0":4},"b":{},"_coverageSchema":"1a1c01bbd47fc00a2c39e90264f33305004495a9","hash":"660d0ced1ef00693d698a9f0d733922387f8d758"}
}
