TN:
SF:src\component\AddUserList\AddUserList.jsx
FN:7,(anonymous_0)
FN:15,(anonymous_1)
FN:16,(anonymous_2)
FN:21,(anonymous_3)
FN:27,(anonymous_4)
FN:39,(anonymous_5)
FN:40,(anonymous_6)
FN:71,(anonymous_7)
FNF:8
FNH:6
FNDA:14,(anonymous_0)
FNDA:4,(anonymous_1)
FNDA:4,(anonymous_2)
FNDA:3,(anonymous_3)
FNDA:1,(anonymous_4)
FNDA:0,(anonymous_5)
FNDA:0,(anonymous_6)
FNDA:8,(anonymous_7)
DA:7,1
DA:8,14
DA:9,9
DA:10,9
DA:15,9
DA:16,4
DA:17,4
DA:18,4
DA:21,3
DA:27,1
DA:36,4
DA:39,9
DA:40,0
DA:50,0
DA:53,9
DA:54,4
DA:61,5
DA:62,1
DA:65,4
DA:72,8
LF:20
LH:18
BRDA:53,0,0,4
BRDA:53,0,1,5
BRDA:61,1,0,1
BRDA:61,1,1,4
BRDA:69,2,0,4
BRDA:69,2,1,4
BRDA:69,2,2,4
BRDA:82,3,0,4
BRDA:82,3,1,4
BRDA:82,3,2,1
BRDA:88,4,0,4
BRDA:88,4,1,4
BRDA:88,4,2,1
BRF:13
BRH:13
end_of_record
TN:
SF:src\component\UserList\UserList.jsx
FN:4,(anonymous_0)
FN:10,(anonymous_1)
FN:11,(anonymous_2)
FN:17,(anonymous_3)
FN:23,(anonymous_4)
FN:53,(anonymous_5)
FNF:6
FNH:6
FNDA:6,(anonymous_0)
FNDA:3,(anonymous_1)
FNDA:3,(anonymous_2)
FNDA:2,(anonymous_3)
FNDA:1,(anonymous_4)
FNDA:4,(anonymous_5)
DA:4,1
DA:5,6
DA:10,6
DA:11,3
DA:12,3
DA:13,3
DA:14,3
DA:17,2
DA:23,1
DA:32,3
DA:35,6
DA:36,3
DA:43,3
DA:44,1
DA:47,2
DA:54,4
LF:16
LH:16
BRDA:35,0,0,3
BRDA:35,0,1,3
BRDA:43,1,0,1
BRDA:43,1,1,2
BRDA:51,2,0,2
BRDA:51,2,1,2
BRDA:51,2,2,2
BRF:7
BRH:7
end_of_record
TN:
SF:src\component\modal\modal.jsx
FN:5,(anonymous_0)
FNF:1
FNH:0
FNDA:0,(anonymous_0)
DA:5,1
DA:6,0
DA:8,0
LF:3
LH:1
BRF:0
BRH:0
end_of_record
TN:
SF:src\context\modalContext.jsx
FN:5,(anonymous_0)
FN:10,(anonymous_1)
FN:14,(anonymous_2)
FN:19,(anonymous_3)
FNF:4
FNH:2
FNDA:14,(anonymous_0)
FNDA:4,(anonymous_1)
FNDA:0,(anonymous_2)
FNDA:0,(anonymous_3)
DA:3,1
DA:5,1
DA:6,14
DA:7,13
DA:10,1
DA:11,4
DA:12,4
DA:14,4
DA:15,0
DA:16,0
DA:19,4
DA:20,0
DA:21,0
DA:24,4
LF:14
LH:10
BRDA:27,0,0,4
BRDA:27,0,1,0
BRF:2
BRH:1
end_of_record
TN:
SF:src\utils\customRender.js
FN:5,(anonymous_0)
FNF:1
FNH:1
FNDA:4,(anonymous_0)
DA:5,4
LF:1
LH:1
BRF:0
BRH:0
end_of_record
